done
Already up-to-date.
done
Already up-to-date.
done
Already up-to-date.
done
Already up-to-date.
done
Already up-to-date.
done
Already up-to-date.
done
Already up-to-date.
done
Already up-to-date.
done
Updating 62af56e..2deb063
Fast-forward
 README.md | 4 +++-
 1 file changed, 3 insertions(+), 1 deletion(-)
done
done
Updating 2deb063..8b2dea8
Fast-forward
 README.md | 2 ++
 1 file changed, 2 insertions(+)
done
Updating 8b2dea8..4e82ada
Fast-forward
 README.md | 2 ++
 1 file changed, 2 insertions(+)
done
Already up-to-date.
done
